app/build/intermediates/manifest_merge_blame_file/debug/manifest-merger-blame-debug-report.txt
1<?xml version="1.0" encoding="utf-8"?>
2<manifest xmlns:android="http://schemas.android.com/apk/res/android"
3    package="pharamacy.eg.sala"
4    android:versionCode="1"
5    android:versionName="1.0" >
6
7    <uses-sdk
8        android:minSdkVersion="19"
8-->src/main/AndroidManifest.xml
9        android:targetSdkVersion="28" />
9-->src/main/AndroidManifest.xml
10
11    <uses-permission android:name="android.permission.READ_EXTERNAL_STORAGE" />
11-->src/main/AndroidManifest.xml:6:5-80
11-->src/main/AndroidManifest.xml:6:22-77
12    <uses-permission android:name="android.permission.CALL_PHONE" />
12-->src/main/AndroidManifest.xml:7:5-69
12-->src/main/AndroidManifest.xml:7:22-66
13    <uses-permission android:name="android.permission.WRITE_EXTERNAL_STORAGE" />
13-->src/main/AndroidManifest.xml:8:5-81
13-->src/main/AndroidManifest.xml:8:22-78
14    <uses-permission android:name="android.permission.READ_SMS" />
14-->src/main/AndroidManifest.xml:9:5-67
14-->src/main/AndroidManifest.xml:9:22-64
15    <uses-permission android:name="android.permission.INTERNET" />
15-->src/main/AndroidManifest.xml:10:5-67
15-->src/main/AndroidManifest.xml:10:22-64
16    <uses-permission android:name="android.permission.CAMERA" />
16-->src/main/AndroidManifest.xml:11:5-65
16-->src/main/AndroidManifest.xml:11:22-62
17
18    <!-- Although the *SdkVersion is captured in gradle build files, this is required for non gradle builds -->
19    <!-- <uses-sdk android:minSdkVersion="14"/> -->
20    <uses-permission android:name="android.permission.ACCESS_NETWORK_STATE" />
20-->[com.google.firebase:firebase-database:19.2.0] AndroidManifest.xml:25:5-79
20-->[com.google.firebase:firebase-database:19.2.0] AndroidManifest.xml:25:22-76
21    <uses-permission android:name="android.permission.WAKE_LOCK" />
21-->[androidx.work:work-runtime:2.2.0] AndroidManifest.xml:25:5-68
21-->[androidx.work:work-runtime:2.2.0] AndroidManifest.xml:25:22-65
22    <uses-permission android:name="android.permission.RECEIVE_BOOT_COMPLETED" /> <!-- Required by older versions of Google Play services to create IID tokens -->
22-->[androidx.work:work-runtime:2.2.0] AndroidManifest.xml:27:5-81
22-->[androidx.work:work-runtime:2.2.0] AndroidManifest.xml:27:22-78
23    <uses-permission android:name="com.google.android.c2dm.permission.RECEIVE" />
23-->[com.google.firebase:firebase-iid:20.0.0] AndroidManifest.xml:26:5-82
23-->[com.google.firebase:firebase-iid:20.0.0] AndroidManifest.xml:26:22-79
24    <uses-permission android:name="com.google.android.finsky.permission.BIND_GET_INSTALL_REFERRER_SERVICE" />
24-->[com.google.android.gms:play-services-measurement:17.2.1] AndroidManifest.xml:26:5-110
24-->[com.google.android.gms:play-services-measurement:17.2.1] AndroidManifest.xml:26:22-107
25
26    <application
26-->src/main/AndroidManifest.xml:13:5-73:19
27        android:name="androidx.multidex.MultiDexApplication"
28        android:allowBackup="true"
28-->src/main/AndroidManifest.xml:14:9-35
29        android:appComponentFactory="androidx.core.app.CoreComponentFactory"
29-->[androidx.core:core:1.1.0] AndroidManifest.xml:24:18-86
30        android:debuggable="true"
31        android:icon="@mipmap/ic_launcher"
31-->src/main/AndroidManifest.xml:15:9-43
32        android:label="@string/app_name"
32-->src/main/AndroidManifest.xml:16:9-41
33        android:roundIcon="@mipmap/ic_launcher_foreground"
33-->src/main/AndroidManifest.xml:17:9-59
34        android:supportsRtl="false"
34-->src/main/AndroidManifest.xml:18:9-36
35        android:testOnly="true"
36        android:theme="@style/AppTheme.NoActionBar" >
36-->src/main/AndroidManifest.xml:19:9-52
37        <activity android:name="pharamacy.eg.sala.ReceyPro" />
37-->src/main/AndroidManifest.xml:21:9-55
37-->src/main/AndroidManifest.xml:21:19-43
38        <activity
38-->src/main/AndroidManifest.xml:22:9-25:71
39            android:name="pharamacy.eg.sala.MainOffices"
39-->src/main/AndroidManifest.xml:23:13-40
40            android:label="@string/title_activity_main_offices"
40-->src/main/AndroidManifest.xml:24:13-64
41            android:theme="@style/AppTheme.NoActionBar.NoActionBar" /> <!-- Sample AdMob App ID: ca-app-pub-3940256099942544~3347511713 -->
41-->src/main/AndroidManifest.xml:25:13-68
42        <activity android:name="pharamacy.eg.sala.Start_Activity" >
42-->src/main/AndroidManifest.xml:26:9-32:20
42-->src/main/AndroidManifest.xml:26:19-49
43            <intent-filter>
43-->src/main/AndroidManifest.xml:27:13-31:29
44                <action android:name="android.intent.action.MAIN" />
44-->src/main/AndroidManifest.xml:28:17-69
44-->src/main/AndroidManifest.xml:28:25-66
45
46                <category android:name="android.intent.category.LAUNCHER" />
46-->src/main/AndroidManifest.xml:30:17-77
46-->src/main/AndroidManifest.xml:30:27-74
47            </intent-filter>
48        </activity>
49        <activity android:name="pharamacy.eg.sala.SearchProduct" />
49-->src/main/AndroidManifest.xml:33:9-51
49-->src/main/AndroidManifest.xml:33:19-48
50        <activity android:name="pharamacy.eg.sala.EditProfile" />
50-->src/main/AndroidManifest.xml:34:9-49
50-->src/main/AndroidManifest.xml:34:19-46
51        <activity android:name="pharamacy.eg.sala.SignUp.SignUP_ph" />
51-->src/main/AndroidManifest.xml:35:9-54
51-->src/main/AndroidManifest.xml:35:19-51
52        <activity android:name="pharamacy.eg.sala.ImagePickerActivity" />
52-->src/main/AndroidManifest.xml:36:9-57
52-->src/main/AndroidManifest.xml:36:19-54
53        <activity android:name="pharamacy.eg.sala.SignUp.SignUpKind" />
53-->src/main/AndroidManifest.xml:37:9-55
53-->src/main/AndroidManifest.xml:37:19-52
54        <activity android:name="pharamacy.eg.sala.Confirm" />
54-->src/main/AndroidManifest.xml:38:9-45
54-->src/main/AndroidManifest.xml:38:19-42
55        <activity android:name="pharamacy.eg.sala.SignUp.SignUP" />
55-->src/main/AndroidManifest.xml:39:9-51
55-->src/main/AndroidManifest.xml:39:19-48
56        <activity android:name="pharamacy.eg.sala.SignIN" />
56-->src/main/AndroidManifest.xml:40:9-44
56-->src/main/AndroidManifest.xml:40:19-41
57        <activity android:name="pharamacy.eg.sala.EditeProfilePh" />
57-->src/main/AndroidManifest.xml:41:9-52
57-->src/main/AndroidManifest.xml:41:19-49
58        <activity
58-->src/main/AndroidManifest.xml:42:9-45:59
59            android:name="com.yalantis.ucrop.UCropActivity"
59-->src/main/AndroidManifest.xml:43:13-60
60            android:screenOrientation="portrait"
60-->src/main/AndroidManifest.xml:44:13-49
61            android:theme="@style/AppTheme.NoActionBar" /> <!-- uCrop cropping activity -->
61-->src/main/AndroidManifest.xml:45:13-56
62        <meta-data
62-->src/main/AndroidManifest.xml:46:9-48:70
63            android:name="com.google.android.gms.ads.APPLICATION_ID"
63-->src/main/AndroidManifest.xml:47:13-69
64            android:value="ca-app-pub-1743625796086476~4917839514" /> <!-- cache directory file provider paths -->
64-->src/main/AndroidManifest.xml:48:13-67
65        <meta-data
65-->src/main/AndroidManifest.xml:49:9-51:37
66            android:name="firebase_messaging_auto_init_enabled"
66-->src/main/AndroidManifest.xml:50:13-64
67            android:value="false" />
67-->src/main/AndroidManifest.xml:51:13-34
68        <meta-data
68-->src/main/AndroidManifest.xml:52:9-54:37
69            android:name="firebase_analytics_collection_enabled"
69-->src/main/AndroidManifest.xml:53:13-65
70            android:value="false" />
70-->src/main/AndroidManifest.xml:54:13-34
71
72        <provider
73            android:name="androidx.core.content.FileProvider"
73-->src/main/AndroidManifest.xml:57:13-62
74            android:authorities="pharamacy.eg.sala.provider"
74-->src/main/AndroidManifest.xml:58:13-60
75            android:exported="false"
75-->src/main/AndroidManifest.xml:59:13-37
76            android:grantUriPermissions="true" >
76-->src/main/AndroidManifest.xml:60:13-47
77            <meta-data
77-->src/main/AndroidManifest.xml:61:13-63:54
78                android:name="android.support.FILE_PROVIDER_PATHS"
78-->src/main/AndroidManifest.xml:62:17-67
79                android:resource="@xml/file_paths" />
79-->src/main/AndroidManifest.xml:63:17-51
80        </provider>
81
82        <service
82-->src/main/AndroidManifest.xml:66:9-72:19
83            android:name="pharamacy.eg.sala.MyFirebaseMessagingService"
83-->src/main/AndroidManifest.xml:67:13-55
84            android:exported="true" >
84-->src/main/AndroidManifest.xml:68:13-36
85            <intent-filter>
85-->src/main/AndroidManifest.xml:69:13-71:29
86                <action android:name="com.google.firebase.MESSAGING_EVENT" />
86-->src/main/AndroidManifest.xml:70:17-78
86-->src/main/AndroidManifest.xml:70:25-75
87            </intent-filter>
88        </service>
89
90        <activity
90-->[com.karumi:dexter:6.0.0] AndroidManifest.xml:27:9-29:72
91            android:name="com.karumi.dexter.DexterActivity"
91-->[com.karumi:dexter:6.0.0] AndroidManifest.xml:28:13-60
92            android:theme="@style/Dexter.Internal.Theme.Transparent" />
92-->[com.karumi:dexter:6.0.0] AndroidManifest.xml:29:13-69
93
94        <service
94-->[com.google.firebase:firebase-database:19.2.0] AndroidManifest.xml:29:9-35:19
95            android:name="com.google.firebase.components.ComponentDiscoveryService"
95-->[com.google.firebase:firebase-database:19.2.0] AndroidManifest.xml:30:13-84
96            android:directBootAware="true"
96-->[com.google.firebase:firebase-common:19.2.0] AndroidManifest.xml:15:13-43
97            android:exported="false" >
97-->[com.google.firebase:firebase-database:19.2.0] AndroidManifest.xml:31:13-37
98            <meta-data
98-->[com.google.firebase:firebase-database:19.2.0] AndroidManifest.xml:32:13-34:85
99                android:name="com.google.firebase.components:com.google.firebase.database.DatabaseRegistrar"
99-->[com.google.firebase:firebase-database:19.2.0] AndroidManifest.xml:33:17-109
100                android:value="com.google.firebase.components.ComponentRegistrar" />
100-->[com.google.firebase:firebase-database:19.2.0] AndroidManifest.xml:34:17-82
101            <meta-data
101-->[com.google.firebase:firebase-storage:19.1.0] AndroidManifest.xml:33:13-35:85
102                android:name="com.google.firebase.components:com.google.firebase.storage.StorageRegistrar"
102-->[com.google.firebase:firebase-storage:19.1.0] AndroidManifest.xml:34:17-107
103                android:value="com.google.firebase.components.ComponentRegistrar" />
103-->[com.google.firebase:firebase-storage:19.1.0] AndroidManifest.xml:35:17-82
104            <meta-data
104-->[com.google.firebase:firebase-auth:19.1.0] AndroidManifest.xml:36:13-38:85
105                android:name="com.google.firebase.components:com.google.firebase.auth.FirebaseAuthRegistrar"
105-->[com.google.firebase:firebase-auth:19.1.0] AndroidManifest.xml:37:17-109
106                android:value="com.google.firebase.components.ComponentRegistrar" />
106-->[com.google.firebase:firebase-auth:19.1.0] AndroidManifest.xml:38:17-82
107            <meta-data
107-->[com.google.android.gms:play-services-measurement-api:17.2.1] AndroidManifest.xml:30:13-32:85
108                android:name="com.google.firebase.components:com.google.firebase.analytics.connector.internal.AnalyticsConnectorRegistrar"
108-->[com.google.android.gms:play-services-measurement-api:17.2.1] AndroidManifest.xml:31:17-139
109                android:value="com.google.firebase.components.ComponentRegistrar" />
109-->[com.google.android.gms:play-services-measurement-api:17.2.1] AndroidManifest.xml:32:17-82
110            <meta-data
110-->[com.google.firebase:firebase-iid:20.0.0] AndroidManifest.xml:32:13-34:85
111                android:name="com.google.firebase.components:com.google.firebase.iid.Registrar"
111-->[com.google.firebase:firebase-iid:20.0.0] AndroidManifest.xml:33:17-96
112                android:value="com.google.firebase.components.ComponentRegistrar" />
112-->[com.google.firebase:firebase-iid:20.0.0] AndroidManifest.xml:34:17-82
113        </service>
114        <!--
115             FirebaseMessagingService performs security checks at runtime,
116             but set to not exported to explicitly avoid allowing another app to call it.
117        -->
118        <service
118-->[com.google.firebase:firebase-messaging:20.0.0] AndroidManifest.xml:28:9-34:19
119            android:name="com.google.firebase.messaging.FirebaseMessagingService"
119-->[com.google.firebase:firebase-messaging:20.0.0] AndroidManifest.xml:29:13-82
120            android:exported="false" >
120-->[com.google.firebase:firebase-messaging:20.0.0] AndroidManifest.xml:30:13-37
121            <intent-filter android:priority="-500" >
121-->src/main/AndroidManifest.xml:69:13-71:29
122                <action android:name="com.google.firebase.MESSAGING_EVENT" />
122-->src/main/AndroidManifest.xml:70:17-78
122-->src/main/AndroidManifest.xml:70:25-75
123            </intent-filter>
124        </service>
125
126        <meta-data
126-->[com.github.bumptech.glide:okhttp3-integration:4.10.0] AndroidManifest.xml:11:9-13:43
127            android:name="com.bumptech.glide.integration.okhttp3.OkHttpGlideModule"
127-->[com.github.bumptech.glide:okhttp3-integration:4.10.0] AndroidManifest.xml:12:13-84
128            android:value="GlideModule" />
128-->[com.github.bumptech.glide:okhttp3-integration:4.10.0] AndroidManifest.xml:13:13-40
129
130        <activity android:name="yogesh.firzen.mukkiasevaigal.Thapu" />
130-->[yogesh.firzen:MukkiyaSevaigal:1.0.6] AndroidManifest.xml:15:9-71
130-->[yogesh.firzen:MukkiyaSevaigal:1.0.6] AndroidManifest.xml:15:19-68
131        <activity
131-->[com.google.firebase:firebase-auth:19.1.0] AndroidManifest.xml:24:9-31:50
132            android:name="com.google.firebase.auth.internal.FederatedSignInActivity"
132-->[com.google.firebase:firebase-auth:19.1.0] AndroidManifest.xml:25:13-85
133            android:excludeFromRecents="true"
133-->[com.google.firebase:firebase-auth:19.1.0] AndroidManifest.xml:26:13-46
134            android:exported="true"
134-->[com.google.firebase:firebase-auth:19.1.0] AndroidManifest.xml:27:13-36
135            android:launchMode="singleTask"
135-->[com.google.firebase:firebase-auth:19.1.0] AndroidManifest.xml:28:13-44
136            android:permission="com.google.firebase.auth.api.gms.permission.LAUNCH_FEDERATED_SIGN_IN"
136-->[com.google.firebase:firebase-auth:19.1.0] AndroidManifest.xml:29:13-102
137            android:theme="@android:style/Theme.Translucent.NoTitleBar" />
137-->[com.google.firebase:firebase-auth:19.1.0] AndroidManifest.xml:30:13-72
138
139        <provider
139-->[androidx.work:work-runtime:2.2.0] AndroidManifest.xml:30:9-36:35
140            android:name="androidx.work.impl.WorkManagerInitializer"
140-->[androidx.work:work-runtime:2.2.0] AndroidManifest.xml:31:13-69
141            android:authorities="pharamacy.eg.sala.workmanager-init"
141-->[androidx.work:work-runtime:2.2.0] AndroidManifest.xml:32:13-68
142            android:directBootAware="false"
142-->[androidx.work:work-runtime:2.2.0] AndroidManifest.xml:33:13-44
143            android:exported="false"
143-->[androidx.work:work-runtime:2.2.0] AndroidManifest.xml:34:13-37
144            android:multiprocess="true" />
144-->[androidx.work:work-runtime:2.2.0] AndroidManifest.xml:35:13-40
145
146        <service
146-->[androidx.work:work-runtime:2.2.0] AndroidManifest.xml:38:9-43:35
147            android:name="androidx.work.impl.background.systemalarm.SystemAlarmService"
147-->[androidx.work:work-runtime:2.2.0] AndroidManifest.xml:39:13-88
148            android:directBootAware="false"
148-->[androidx.work:work-runtime:2.2.0] AndroidManifest.xml:40:13-44
149            android:enabled="@bool/enable_system_alarm_service_default"
149-->[androidx.work:work-runtime:2.2.0] AndroidManifest.xml:41:13-72
150            android:exported="false" />
150-->[androidx.work:work-runtime:2.2.0] AndroidManifest.xml:42:13-37
151        <service
151-->[androidx.work:work-runtime:2.2.0] AndroidManifest.xml:44:9-50:35
152            android:name="androidx.work.impl.background.systemjob.SystemJobService"
152-->[androidx.work:work-runtime:2.2.0] AndroidManifest.xml:45:13-84
153            android:directBootAware="false"
153-->[androidx.work:work-runtime:2.2.0] AndroidManifest.xml:46:13-44
154            android:enabled="@bool/enable_system_job_service_default"
154-->[androidx.work:work-runtime:2.2.0] AndroidManifest.xml:47:13-70
155            android:exported="true"
155-->[androidx.work:work-runtime:2.2.0] AndroidManifest.xml:48:13-36
156            android:permission="android.permission.BIND_JOB_SERVICE" />
156-->[androidx.work:work-runtime:2.2.0] AndroidManifest.xml:49:13-69
157
158        <receiver
158-->[androidx.work:work-runtime:2.2.0] AndroidManifest.xml:52:9-57:35
159            android:name="androidx.work.impl.utils.ForceStopRunnable$BroadcastReceiver"
159-->[androidx.work:work-runtime:2.2.0] AndroidManifest.xml:53:13-88
160            android:directBootAware="false"
160-->[androidx.work:work-runtime:2.2.0] AndroidManifest.xml:54:13-44
161            android:enabled="true"
161-->[androidx.work:work-runtime:2.2.0] AndroidManifest.xml:55:13-35
162            android:exported="false" />
162-->[androidx.work:work-runtime:2.2.0] AndroidManifest.xml:56:13-37
163        <receiver
163-->[androidx.work:work-runtime:2.2.0] AndroidManifest.xml:58:9-68:20
164            android:name="androidx.work.impl.background.systemalarm.ConstraintProxy$BatteryChargingProxy"
164-->[androidx.work:work-runtime:2.2.0] AndroidManifest.xml:59:13-106
165            android:directBootAware="false"
165-->[androidx.work:work-runtime:2.2.0] AndroidManifest.xml:60:13-44
166            android:enabled="false"
166-->[androidx.work:work-runtime:2.2.0] AndroidManifest.xml:61:13-36
167            android:exported="false" >
167-->[androidx.work:work-runtime:2.2.0] AndroidManifest.xml:62:13-37
168            <intent-filter>
168-->[androidx.work:work-runtime:2.2.0] AndroidManifest.xml:64:13-67:29
169                <action android:name="android.intent.action.ACTION_POWER_CONNECTED" />
169-->[androidx.work:work-runtime:2.2.0] AndroidManifest.xml:65:17-87
169-->[androidx.work:work-runtime:2.2.0] AndroidManifest.xml:65:25-84
170                <action android:name="android.intent.action.ACTION_POWER_DISCONNECTED" />
170-->[androidx.work:work-runtime:2.2.0] AndroidManifest.xml:66:17-90
170-->[androidx.work:work-runtime:2.2.0] AndroidManifest.xml:66:25-87
171            </intent-filter>
172        </receiver>
173        <receiver
173-->[androidx.work:work-runtime:2.2.0] AndroidManifest.xml:69:9-79:20
174            android:name="androidx.work.impl.background.systemalarm.ConstraintProxy$BatteryNotLowProxy"
174-->[androidx.work:work-runtime:2.2.0] AndroidManifest.xml:70:13-104
175            android:directBootAware="false"
175-->[androidx.work:work-runtime:2.2.0] AndroidManifest.xml:71:13-44
176            android:enabled="false"
176-->[androidx.work:work-runtime:2.2.0] AndroidManifest.xml:72:13-36
177            android:exported="false" >
177-->[androidx.work:work-runtime:2.2.0] AndroidManifest.xml:73:13-37
178            <intent-filter>
178-->[androidx.work:work-runtime:2.2.0] AndroidManifest.xml:75:13-78:29
179                <action android:name="android.intent.action.BATTERY_OKAY" />
179-->[androidx.work:work-runtime:2.2.0] AndroidManifest.xml:76:17-77
179-->[androidx.work:work-runtime:2.2.0] AndroidManifest.xml:76:25-74
180                <action android:name="android.intent.action.BATTERY_LOW" />
180-->[androidx.work:work-runtime:2.2.0] AndroidManifest.xml:77:17-76
180-->[androidx.work:work-runtime:2.2.0] AndroidManifest.xml:77:25-73
181            </intent-filter>
182        </receiver>
183        <receiver
183-->[androidx.work:work-runtime:2.2.0] AndroidManifest.xml:80:9-90:20
184            android:name="androidx.work.impl.background.systemalarm.ConstraintProxy$StorageNotLowProxy"
184-->[androidx.work:work-runtime:2.2.0] AndroidManifest.xml:81:13-104
185            android:directBootAware="false"
185-->[androidx.work:work-runtime:2.2.0] AndroidManifest.xml:82:13-44
186            android:enabled="false"
186-->[androidx.work:work-runtime:2.2.0] AndroidManifest.xml:83:13-36
187            android:exported="false" >
187-->[androidx.work:work-runtime:2.2.0] AndroidManifest.xml:84:13-37
188            <intent-filter>
188-->[androidx.work:work-runtime:2.2.0] AndroidManifest.xml:86:13-89:29
189                <action android:name="android.intent.action.DEVICE_STORAGE_LOW" />
189-->[androidx.work:work-runtime:2.2.0] AndroidManifest.xml:87:17-83
189-->[androidx.work:work-runtime:2.2.0] AndroidManifest.xml:87:25-80
190                <action android:name="android.intent.action.DEVICE_STORAGE_OK" />
190-->[androidx.work:work-runtime:2.2.0] AndroidManifest.xml:88:17-82
190-->[androidx.work:work-runtime:2.2.0] AndroidManifest.xml:88:25-79
191            </intent-filter>
192        </receiver>
193        <receiver
193-->[androidx.work:work-runtime:2.2.0] AndroidManifest.xml:91:9-100:20
194            android:name="androidx.work.impl.background.systemalarm.ConstraintProxy$NetworkStateProxy"
194-->[androidx.work:work-runtime:2.2.0] AndroidManifest.xml:92:13-103
195            android:directBootAware="false"
195-->[androidx.work:work-runtime:2.2.0] AndroidManifest.xml:93:13-44
196            android:enabled="false"
196-->[androidx.work:work-runtime:2.2.0] AndroidManifest.xml:94:13-36
197            android:exported="false" >
197-->[androidx.work:work-runtime:2.2.0] AndroidManifest.xml:95:13-37
198            <intent-filter>
198-->[androidx.work:work-runtime:2.2.0] AndroidManifest.xml:97:13-99:29
199                <action android:name="android.net.conn.CONNECTIVITY_CHANGE" />
199-->[androidx.work:work-runtime:2.2.0] AndroidManifest.xml:98:17-79
199-->[androidx.work:work-runtime:2.2.0] AndroidManifest.xml:98:25-76
200            </intent-filter>
201        </receiver>
202        <receiver
202-->[androidx.work:work-runtime:2.2.0] AndroidManifest.xml:101:9-112:20
203            android:name="androidx.work.impl.background.systemalarm.RescheduleReceiver"
203-->[androidx.work:work-runtime:2.2.0] AndroidManifest.xml:102:13-88
204            android:directBootAware="false"
204-->[androidx.work:work-runtime:2.2.0] AndroidManifest.xml:103:13-44
205            android:enabled="false"
205-->[androidx.work:work-runtime:2.2.0] AndroidManifest.xml:104:13-36
206            android:exported="false" >
206-->[androidx.work:work-runtime:2.2.0] AndroidManifest.xml:105:13-37
207            <intent-filter>
207-->[androidx.work:work-runtime:2.2.0] AndroidManifest.xml:107:13-111:29
208                <action android:name="android.intent.action.BOOT_COMPLETED" />
208-->[androidx.work:work-runtime:2.2.0] AndroidManifest.xml:108:17-79
208-->[androidx.work:work-runtime:2.2.0] AndroidManifest.xml:108:25-76
209                <action android:name="android.intent.action.TIME_SET" />
209-->[androidx.work:work-runtime:2.2.0] AndroidManifest.xml:109:17-73
209-->[androidx.work:work-runtime:2.2.0] AndroidManifest.xml:109:25-70
210                <action android:name="android.intent.action.TIMEZONE_CHANGED" />
210-->[androidx.work:work-runtime:2.2.0] AndroidManifest.xml:110:17-81
210-->[androidx.work:work-runtime:2.2.0] AndroidManifest.xml:110:25-78
211            </intent-filter>
212        </receiver>
213        <receiver
213-->[androidx.work:work-runtime:2.2.0] AndroidManifest.xml:113:9-122:20
214            android:name="androidx.work.impl.background.systemalarm.ConstraintProxyUpdateReceiver"
214-->[androidx.work:work-runtime:2.2.0] AndroidManifest.xml:114:13-99
215            android:directBootAware="false"
215-->[androidx.work:work-runtime:2.2.0] AndroidManifest.xml:115:13-44
216            android:enabled="@bool/enable_system_alarm_service_default"
216-->[androidx.work:work-runtime:2.2.0] AndroidManifest.xml:116:13-72
217            android:exported="false" >
217-->[androidx.work:work-runtime:2.2.0] AndroidManifest.xml:117:13-37
218            <intent-filter>
218-->[androidx.work:work-runtime:2.2.0] AndroidManifest.xml:119:13-121:29
219                <action android:name="androidx.work.impl.background.systemalarm.UpdateProxies" />
219-->[androidx.work:work-runtime:2.2.0] AndroidManifest.xml:120:17-98
219-->[androidx.work:work-runtime:2.2.0] AndroidManifest.xml:120:25-95
220            </intent-filter>
221        </receiver>
222        <receiver
222-->[com.google.firebase:firebase-iid:20.0.0] AndroidManifest.xml:37:9-44:20
223            android:name="com.google.firebase.iid.FirebaseInstanceIdReceiver"
223-->[com.google.firebase:firebase-iid:20.0.0] AndroidManifest.xml:38:13-78
224            android:exported="true"
224-->[com.google.firebase:firebase-iid:20.0.0] AndroidManifest.xml:39:13-36
225            android:permission="com.google.android.c2dm.permission.SEND" >
225-->[com.google.firebase:firebase-iid:20.0.0] AndroidManifest.xml:40:13-73
226            <intent-filter>
226-->[com.google.firebase:firebase-iid:20.0.0] AndroidManifest.xml:41:13-43:29
227                <action android:name="com.google.android.c2dm.intent.RECEIVE" />
227-->[com.google.firebase:firebase-iid:20.0.0] AndroidManifest.xml:42:17-81
227-->[com.google.firebase:firebase-iid:20.0.0] AndroidManifest.xml:42:25-78
228            </intent-filter>
229        </receiver>
230
231        <provider
231-->[com.google.firebase:firebase-common:19.2.0] AndroidManifest.xml:19:9-23:39
232            android:name="com.google.firebase.provider.FirebaseInitProvider"
232-->[com.google.firebase:firebase-common:19.2.0] AndroidManifest.xml:20:13-77
233            android:authorities="pharamacy.eg.sala.firebaseinitprovider"
233-->[com.google.firebase:firebase-common:19.2.0] AndroidManifest.xml:21:13-72
234            android:exported="false"
234-->[com.google.firebase:firebase-common:19.2.0] AndroidManifest.xml:22:13-37
235            android:initOrder="100" />
235-->[com.google.firebase:firebase-common:19.2.0] AndroidManifest.xml:23:13-36
236
237        <activity
237-->[com.google.android.gms:play-services-base:17.1.0] AndroidManifest.xml:23:9-26:75
238            android:name="com.google.android.gms.common.api.GoogleApiActivity"
238-->[com.google.android.gms:play-services-base:17.1.0] AndroidManifest.xml:24:13-79
239            android:exported="false"
239-->[com.google.android.gms:play-services-base:17.1.0] AndroidManifest.xml:25:13-37
240            android:theme="@android:style/Theme.Translucent.NoTitleBar" /> <!-- Include the AdActivity and InAppPurchaseActivity configChanges and themes. -->
240-->[com.google.android.gms:play-services-base:17.1.0] AndroidManifest.xml:26:13-72
241        <activity
241-->[com.google.android.gms:play-services-ads-lite:18.2.0] AndroidManifest.xml:29:9-33:64
242            android:name="com.google.android.gms.ads.AdActivity"
242-->[com.google.android.gms:play-services-ads-lite:18.2.0] AndroidManifest.xml:30:13-65
243            android:configChanges="keyboard|keyboardHidden|orientation|screenLayout|uiMode|screenSize|smallestScreenSize"
243-->[com.google.android.gms:play-services-ads-lite:18.2.0] AndroidManifest.xml:31:13-122
244            android:exported="false"
244-->[com.google.android.gms:play-services-ads-lite:18.2.0] AndroidManifest.xml:32:13-37
245            android:theme="@android:style/Theme.Translucent" />
245-->[com.google.android.gms:play-services-ads-lite:18.2.0] AndroidManifest.xml:33:13-61
246
247        <provider
247-->[com.google.android.gms:play-services-ads-lite:18.2.0] AndroidManifest.xml:35:9-39:39
248            android:name="com.google.android.gms.ads.MobileAdsInitProvider"
248-->[com.google.android.gms:play-services-ads-lite:18.2.0] AndroidManifest.xml:36:13-76
249            android:authorities="pharamacy.eg.sala.mobileadsinitprovider"
249-->[com.google.android.gms:play-services-ads-lite:18.2.0] AndroidManifest.xml:37:13-73
250            android:exported="false"
250-->[com.google.android.gms:play-services-ads-lite:18.2.0] AndroidManifest.xml:38:13-37
251            android:initOrder="100" />
251-->[com.google.android.gms:play-services-ads-lite:18.2.0] AndroidManifest.xml:39:13-36
252
253        <receiver
253-->[com.google.android.gms:play-services-measurement:17.2.1] AndroidManifest.xml:29:9-33:20
254            android:name="com.google.android.gms.measurement.AppMeasurementReceiver"
254-->[com.google.android.gms:play-services-measurement:17.2.1] AndroidManifest.xml:30:13-85
255            android:enabled="true"
255-->[com.google.android.gms:play-services-measurement:17.2.1] AndroidManifest.xml:31:13-35
256            android:exported="false" >
256-->[com.google.android.gms:play-services-measurement:17.2.1] AndroidManifest.xml:32:13-37
257        </receiver>
258        <receiver
258-->[com.google.android.gms:play-services-measurement:17.2.1] AndroidManifest.xml:34:9-42:20
259            android:name="com.google.android.gms.measurement.AppMeasurementInstallReferrerReceiver"
259-->[com.google.android.gms:play-services-measurement:17.2.1] AndroidManifest.xml:35:13-100
260            android:enabled="true"
260-->[com.google.android.gms:play-services-measurement:17.2.1] AndroidManifest.xml:36:13-35
261            android:exported="true"
261-->[com.google.android.gms:play-services-measurement:17.2.1] AndroidManifest.xml:37:13-36
262            android:permission="android.permission.INSTALL_PACKAGES" >
262-->[com.google.android.gms:play-services-measurement:17.2.1] AndroidManifest.xml:38:13-69
263            <intent-filter>
263-->[com.google.android.gms:play-services-measurement:17.2.1] AndroidManifest.xml:39:13-41:29
264                <action android:name="com.android.vending.INSTALL_REFERRER" />
264-->[com.google.android.gms:play-services-measurement:17.2.1] AndroidManifest.xml:40:17-79
264-->[com.google.android.gms:play-services-measurement:17.2.1] AndroidManifest.xml:40:25-76
265            </intent-filter>
266        </receiver>
267